<?xml version="1.0" encoding="UTF-8"?>
<!-- Generated by org.testng.reporters.JUnitXMLReporter -->
<testsuite hostname="DESKTOP-RT4P2IR" failures="0" tests="3" name="Validation URL" time="12.65" errors="0" timestamp="23 Oct 2021 02:28:32 GMT">
  <testcase classname="testObject.validate_home" name="burgerMenuDispleyed" time="2.101"/>
  <testcase classname="testObject.validate_home" name="objectsDisplayed" time="0.066"/>
  <testcase classname="testObject.validate_home" name="pageDispalyed" time="0.012"/>
</testsuite> <!-- Validation URL -->
