<?xml version="1.0" encoding="UTF-8"?>
<testng-results total="1" passed="1" failed="0" skipped="0">
  <reporter-output>
  </reporter-output>
  <suite started-at="2021-10-22T20:42:05Z" name="Default suite" finished-at="2021-10-22T20:42:16Z" duration-ms="10804">
    <groups>
    </groups>
    <test started-at="2021-10-22T20:42:05Z" name="Default test" finished-at="2021-10-22T20:42:16Z" duration-ms="10804">
      <class name="testObject.log_in_test">
        <test-method is-config="true" signature="beforeTest()[pri:0, instance:testObject.log_in_test@418c5a9c]" started-at="2021-10-22T17:42:05Z" name="beforeTest" finished-at="2021-10-22T17:42:10Z" duration-ms="4379" status="PASS">
          <reporter-output>
          </reporter-output>
        </test-method> <!-- beforeTest -->
        <test-method signature="login()[pri:0, instance:testObject.log_in_test@418c5a9c]" started-at="2021-10-22T17:42:10Z" name="login" finished-at="2021-10-22T17:42:16Z" duration-ms="5797" status="PASS">
          <reporter-output>
          </reporter-output>
        </test-method> <!-- login -->
        <test-method is-config="true" signature="afterTest()[pri:0, instance:testObject.log_in_test@418c5a9c]" started-at="2021-10-22T17:42:16Z" name="afterTest" finished-at="2021-10-22T17:42:16Z" duration-ms="620" status="PASS">
          <reporter-output>
          </reporter-output>
        </test-method> <!-- afterTest -->
      </class> <!-- testObject.log_in_test -->
    </test> <!-- Default test -->
  </suite> <!-- Default suite -->
</testng-results>
