<?xml version="1.0" encoding="UTF-8"?>
<testng-results total="1" passed="1" failed="0" skipped="0">
  <reporter-output>
  </reporter-output>
  <suite started-at="2021-10-27T20:48:49Z" name="Default suite" finished-at="2021-10-27T20:48:56Z" duration-ms="6639">
    <groups>
    </groups>
    <test started-at="2021-10-27T20:48:49Z" name="Default test" finished-at="2021-10-27T20:48:56Z" duration-ms="6639">
      <class name="testObject.sing_up">
        <test-method is-config="true" signature="beforeClass()[pri:0, instance:testObject.sing_up@418c5a9c]" started-at="2021-10-27T17:48:49Z" name="beforeClass" finished-at="2021-10-27T17:48:53Z" duration-ms="4308" status="PASS">
          <reporter-output>
          </reporter-output>
        </test-method> <!-- beforeClass -->
        <test-method signature="singUp()[pri:0, instance:testObject.sing_up@418c5a9c]" started-at="2021-10-27T17:48:53Z" name="singUp" finished-at="2021-10-27T17:48:55Z" duration-ms="1680" status="PASS">
          <reporter-output>
          </reporter-output>
        </test-method> <!-- singUp -->
        <test-method is-config="true" signature="afterClass()[pri:0, instance:testObject.sing_up@418c5a9c]" started-at="2021-10-27T17:48:55Z" name="afterClass" finished-at="2021-10-27T17:48:56Z" duration-ms="642" status="PASS">
          <reporter-output>
          </reporter-output>
        </test-method> <!-- afterClass -->
      </class> <!-- testObject.sing_up -->
    </test> <!-- Default test -->
  </suite> <!-- Default suite -->
</testng-results>
