<?xml version="1.0" encoding="UTF-8"?>
<testng-results total="5" passed="5" failed="0" skipped="0">
  <reporter-output>
  </reporter-output>
  <suite started-at="2021-10-23T02:27:59Z" name="Sanity" finished-at="2021-10-23T02:28:42Z" duration-ms="43301">
    <groups>
    </groups>
    <test started-at="2021-10-23T02:27:59Z" name="Sign Up" finished-at="2021-10-23T02:28:19Z" duration-ms="19797">
      <class name="testObject.sing_up">
        <test-method is-config="true" signature="beforeClass()[pri:0, instance:testObject.sing_up@4416d64f]" started-at="2021-10-22T23:27:59Z" name="beforeClass" finished-at="2021-10-22T23:28:04Z" duration-ms="4505" status="PASS">
          <reporter-output>
          </reporter-output>
        </test-method> <!-- beforeClass -->
        <test-method signature="singUp()[pri:0, instance:testObject.sing_up@4416d64f]" started-at="2021-10-22T23:28:04Z" name="singUp" finished-at="2021-10-22T23:28:18Z" duration-ms="14601" status="PASS">
          <reporter-output>
          </reporter-output>
        </test-method> <!-- singUp -->
        <test-method is-config="true" signature="afterClass()[pri:0, instance:testObject.sing_up@4416d64f]" started-at="2021-10-22T23:28:18Z" name="afterClass" finished-at="2021-10-22T23:28:19Z" duration-ms="681" status="PASS">
          <reporter-output>
          </reporter-output>
        </test-method> <!-- afterClass -->
      </class> <!-- testObject.sing_up -->
    </test> <!-- Sign Up -->
    <test started-at="2021-10-23T02:28:19Z" name="Validation URL" finished-at="2021-10-23T02:28:32Z" duration-ms="12650">
      <class name="testObject.validate_home">
        <test-method is-config="true" signature="beforeTest()[pri:0, instance:testObject.validate_home@59e32960]" started-at="2021-10-22T23:28:19Z" name="beforeTest" finished-at="2021-10-22T23:28:29Z" duration-ms="9856" status="PASS">
          <reporter-output>
          </reporter-output>
        </test-method> <!-- beforeTest -->
        <test-method signature="burgerMenuDispleyed()[pri:0, instance:testObject.validate_home@59e32960]" started-at="2021-10-22T23:28:29Z" name="burgerMenuDispleyed" finished-at="2021-10-22T23:28:31Z" duration-ms="2101" status="PASS">
          <reporter-output>
          </reporter-output>
        </test-method> <!-- burgerMenuDispleyed -->
        <test-method signature="objectsDisplayed()[pri:0, instance:testObject.validate_home@59e32960]" started-at="2021-10-22T23:28:31Z" name="objectsDisplayed" finished-at="2021-10-22T23:28:31Z" duration-ms="66" status="PASS">
          <reporter-output>
          </reporter-output>
        </test-method> <!-- objectsDisplayed -->
        <test-method signature="pageDispalyed()[pri:0, instance:testObject.validate_home@59e32960]" started-at="2021-10-22T23:28:31Z" name="pageDispalyed" finished-at="2021-10-22T23:28:31Z" duration-ms="12" status="PASS">
          <reporter-output>
          </reporter-output>
        </test-method> <!-- pageDispalyed -->
        <test-method is-config="true" signature="afterTest()[pri:0, instance:testObject.validate_home@59e32960]" started-at="2021-10-22T23:28:31Z" name="afterTest" finished-at="2021-10-22T23:28:32Z" duration-ms="611" status="PASS">
          <reporter-output>
          </reporter-output>
        </test-method> <!-- afterTest -->
      </class> <!-- testObject.validate_home -->
    </test> <!-- Validation URL -->
    <test started-at="2021-10-23T02:28:32Z" name="LogIn" finished-at="2021-10-23T02:28:42Z" duration-ms="10768">
      <class name="testObject.log_in_test">
        <test-method is-config="true" signature="beforeTest()[pri:0, instance:testObject.log_in_test@4397ad89]" started-at="2021-10-22T23:28:32Z" name="beforeTest" finished-at="2021-10-22T23:28:36Z" duration-ms="4132" status="PASS">
          <reporter-output>
          </reporter-output>
        </test-method> <!-- beforeTest -->
        <test-method signature="login()[pri:0, instance:testObject.log_in_test@4397ad89]" started-at="2021-10-22T23:28:36Z" name="login" finished-at="2021-10-22T23:28:42Z" duration-ms="6015" status="PASS">
          <reporter-output>
          </reporter-output>
        </test-method> <!-- login -->
        <test-method is-config="true" signature="afterTest()[pri:0, instance:testObject.log_in_test@4397ad89]" started-at="2021-10-22T23:28:42Z" name="afterTest" finished-at="2021-10-22T23:28:42Z" duration-ms="620" status="PASS">
          <reporter-output>
          </reporter-output>
        </test-method> <!-- afterTest -->
      </class> <!-- testObject.log_in_test -->
    </test> <!-- LogIn -->
  </suite> <!-- Sanity -->
</testng-results>
