<?xml version="1.0" encoding="UTF-8"?>
<testng-results total="1" passed="1" failed="0" skipped="0">
  <reporter-output>
  </reporter-output>
  <suite started-at="2021-09-22T19:17:33Z" name="Default suite" finished-at="2021-09-22T19:17:53Z" duration-ms="19604">
    <groups>
    </groups>
    <test started-at="2021-09-22T19:17:33Z" name="Default test" finished-at="2021-09-22T19:17:53Z" duration-ms="19604">
      <class name="testObject.sing_up">
        <test-method is-config="true" signature="beforeClass()[pri:0, instance:testObject.sing_up@658c5a19]" started-at="2021-09-22T16:17:33Z" name="beforeClass" finished-at="2021-09-22T16:17:38Z" duration-ms="4308" status="PASS">
          <reporter-output>
          </reporter-output>
        </test-method> <!-- beforeClass -->
        <test-method signature="singUp()[pri:0, instance:testObject.sing_up@658c5a19]" started-at="2021-09-22T16:17:38Z" name="singUp" finished-at="2021-09-22T16:17:52Z" duration-ms="14666" status="PASS">
          <reporter-output>
          </reporter-output>
        </test-method> <!-- singUp -->
        <test-method is-config="true" signature="afterClass()[pri:0, instance:testObject.sing_up@658c5a19]" started-at="2021-09-22T16:17:52Z" name="afterClass" finished-at="2021-09-22T16:17:53Z" duration-ms="619" status="PASS">
          <reporter-output>
          </reporter-output>
        </test-method> <!-- afterClass -->
      </class> <!-- testObject.sing_up -->
    </test> <!-- Default test -->
  </suite> <!-- Default suite -->
</testng-results>
