<?xml version="1.0" encoding="UTF-8"?>
<testng-results total="1" passed="0" failed="1" skipped="0">
  <reporter-output>
    <line>
      <![CDATA[Opening Browser...]]>
    </line>
    <line>
      <![CDATA[Log in succesfully]]>
    </line>
    <line>
      <![CDATA[Entering Name and Last Name...]]>
    </line>
    <line>
      <![CDATA[Enter Name Succesfully]]>
    </line>
    <line>
      <![CDATA[Entering email...]]>
    </line>
    <line>
      <![CDATA[Email set succesfully]]>
    </line>
    <line>
      <![CDATA[Entering alter email...]]>
    </line>
    <line>
      <![CDATA[Alter Email set succesfully]]>
    </line>
    <line>
      <![CDATA[AboutUs completing...]]>
    </line>
  </reporter-output>
  <suite started-at="2021-11-18T21:24:15Z" name="Default suite" finished-at="2021-11-18T21:26:40Z" duration-ms="144534">
    <groups>
    </groups>
    <test started-at="2021-11-18T21:24:15Z" name="Default test" finished-at="2021-11-18T21:26:40Z" duration-ms="144534">
      <class name="testObject.sing_up">
        <test-method is-config="true" signature="beforeClass()[pri:0, instance:testObject.sing_up@13d4992d]" started-at="2021-11-18T18:24:15Z" name="beforeClass" finished-at="2021-11-18T18:24:22Z" duration-ms="6462" status="PASS">
          <reporter-output>
          </reporter-output>
        </test-method> <!-- beforeClass -->
        <test-method signature="singUp()[pri:0, instance:testObject.sing_up@13d4992d]" started-at="2021-11-18T18:24:22Z" name="singUp" finished-at="2021-11-18T18:26:39Z" duration-ms="137430" status="FAIL">
          <exception class="org.openqa.selenium.support.ui.UnexpectedTagNameException">
            <message>
              <![CDATA[Element should have been "select" but was "div"
Build info: version: '3.141.59', revision: 'e82be7d358', time: '2018-11-14T08:17:03'
System info: host: 'DESKTOP-RT4P2IR', ip: '192.168.56.1', os.name: 'Windows 10', os.arch: 'amd64', os.version: '10.0', java.version: '14.0.2'
Driver info: driver.version: unknown]]>
            </message>
            <full-stacktrace>
              <![CDATA[org.openqa.selenium.support.ui.UnexpectedTagNameException: Element should have been "select" but was "div"
Build info: version: '3.141.59', revision: 'e82be7d358', time: '2018-11-14T08:17:03'
System info: host: 'DESKTOP-RT4P2IR', ip: '192.168.56.1', os.name: 'Windows 10', os.arch: 'amd64', os.version: '10.0', java.version: '14.0.2'
Driver info: driver.version: unknown
	at org.openqa.selenium.support.ui.Select.<init>(Select.java:48)
	at pageObject.BaseObject.selectDropdownList(BaseObject.java:107)
	at pageObject.SingUpPage.aboutUs(SingUpPage.java:138)
	at testObject.sing_up.singUp(sing_up.java:44)
	at java.base/jdk.internal.reflect.NativeMethodAccessorImpl.invoke0(Native Method)
	at java.base/jdk.internal.reflect.NativeMethodAccessorImpl.invoke(NativeMethodAccessorImpl.java:62)
	at java.base/jdk.internal.reflect.DelegatingMethodAccessorImpl.invoke(DelegatingMethodAccessorImpl.java:43)
	at java.base/java.lang.reflect.Method.invoke(Method.java:564)
	at org.testng.internal.MethodInvocationHelper.invokeMethod(MethodInvocationHelper.java:80)
	at org.testng.internal.Invoker.invokeMethod(Invoker.java:714)
	at org.testng.internal.Invoker.invokeTestMethod(Invoker.java:901)
	at org.testng.internal.Invoker.invokeTestMethods(Invoker.java:1231)
	at org.testng.internal.TestMethodWorker.invokeTestMethods(TestMethodWorker.java:127)
	at org.testng.internal.TestMethodWorker.run(TestMethodWorker.java:111)
	at org.testng.TestRunner.privateRun(TestRunner.java:767)
	at org.testng.TestRunner.run(TestRunner.java:617)
	at org.testng.SuiteRunner.runTest(SuiteRunner.java:334)
	at org.testng.SuiteRunner.runSequentially(SuiteRunner.java:329)
	at org.testng.SuiteRunner.privateRun(SuiteRunner.java:291)
	at org.testng.SuiteRunner.run(SuiteRunner.java:240)
	at org.testng.SuiteRunnerWorker.runSuite(SuiteRunnerWorker.java:52)
	at org.testng.SuiteRunnerWorker.run(SuiteRunnerWorker.java:86)
	at org.testng.TestNG.runSuitesSequentially(TestNG.java:1198)
	at org.testng.TestNG.runSuitesLocally(TestNG.java:1123)
	at org.testng.TestNG.run(TestNG.java:1031)
	at org.testng.remote.AbstractRemoteTestNG.run(AbstractRemoteTestNG.java:115)
	at org.testng.remote.RemoteTestNG.initAndRun(RemoteTestNG.java:251)
	at org.testng.remote.RemoteTestNG.main(RemoteTestNG.java:77)
]]>
            </full-stacktrace>
          </exception> <!-- org.openqa.selenium.support.ui.UnexpectedTagNameException -->
          <reporter-output>
            <line>
              <![CDATA[Opening Browser...]]>
            </line>
            <line>
              <![CDATA[Log in succesfully]]>
            </line>
            <line>
              <![CDATA[Entering Name and Last Name...]]>
            </line>
            <line>
              <![CDATA[Enter Name Succesfully]]>
            </line>
            <line>
              <![CDATA[Entering email...]]>
            </line>
            <line>
              <![CDATA[Email set succesfully]]>
            </line>
            <line>
              <![CDATA[Entering alter email...]]>
            </line>
            <line>
              <![CDATA[Alter Email set succesfully]]>
            </line>
            <line>
              <![CDATA[AboutUs completing...]]>
            </line>
          </reporter-output>
        </test-method> <!-- singUp -->
        <test-method is-config="true" signature="afterClass()[pri:0, instance:testObject.sing_up@13d4992d]" started-at="2021-11-18T18:26:39Z" name="afterClass" finished-at="2021-11-18T18:26:40Z" duration-ms="628" status="PASS">
          <reporter-output>
          </reporter-output>
        </test-method> <!-- afterClass -->
      </class> <!-- testObject.sing_up -->
    </test> <!-- Default test -->
  </suite> <!-- Default suite -->
</testng-results>
